cd C:\Users\ISA Group\git\aml; "JAVA_HOME=C:\\Program Files\\Java\\jdk1.7.0_75" M2_HOME=C:\\apache-maven-3.3.3 cmd /c "\"\"C:\\apache-maven-3.3.3\\bin\\mvn.cmd\" -Dmaven.ext.class.path=\"C:\\Program Files\\NetBeans 8.1\\java\\maven-nblib\\netbeans-eventspy.jar\" -Paml-developer clean install\""
Scanning for projects...
                                                                        
------------------------------------------------------------------------
Building aml 0.9.5-SNAPSHOT
------------------------------------------------------------------------

--- maven-clean-plugin:2.5:clean (default-clean) @ aml ---
Deleting C:\Users\ISA Group\git\aml\target

--- maven-resources-plugin:2.6:resources (default-resources) @ aml ---
Using platform encoding (Cp1252 actually) to copy filtered resources, i.e. build is platform dependent!
Copying 2 resources

--- maven-compiler-plugin:3.2:compile (default-compile) @ aml ---
Changes detected - recompiling the module!
File encoding has not been set, using platform encoding Cp1252, i.e. build is platform dependent!
Compiling 170 source files to C:\Users\ISA Group\git\aml\target\classes
/C:/Users/ISA Group/git/aml/src/main/java/es/us/isa/aml/parsers/expression/ExpressionParser.java: Some input files use or override a deprecated API.
/C:/Users/ISA Group/git/aml/src/main/java/es/us/isa/aml/parsers/expression/ExpressionParser.java: Recompile with -Xlint:deprecation for details.
/C:/Users/ISA Group/git/aml/src/main/java/es/us/isa/aml/parsers/agreements/json/ParserJSONUtil.java: Some input files use unchecked or unsafe operations.
/C:/Users/ISA Group/git/aml/src/main/java/es/us/isa/aml/parsers/agreements/json/ParserJSONUtil.java: Recompile with -Xlint:unchecked for details.

--- maven-resources-plugin:2.6:testResources (default-testResources) @ aml ---
Using platform encoding (Cp1252 actually) to copy filtered resources, i.e. build is platform dependent!
Copying 23 resources

--- maven-compiler-plugin:3.2:testCompile (default-testCompile) @ aml ---
Changes detected - recompiling the module!
File encoding has not been set, using platform encoding Cp1252, i.e. build is platform dependent!
Compiling 18 source files to C:\Users\ISA Group\git\aml\target\test-classes

--- maven-surefire-plugin:2.18.1:test (default-test) @ aml ---
Surefire report directory: C:\Users\ISA Group\git\aml\target\surefire-reports

-------------------------------------------------------
 T E S T S
-------------------------------------------------------
Running es.us.isa.aml.test.core.TestAzureCompliance
Tests run: 6, Failures: 0, Errors: 0, Skipped: 0, Time elapsed: 6.954 sec - in es.us.isa.aml.test.core.TestAzureCompliance
Running es.us.isa.aml.test.core.TestConfig
Tests run: 1, Failures: 0, Errors: 0, Skipped: 0, Time elapsed: 0 sec - in es.us.isa.aml.test.core.TestConfig
Running es.us.isa.aml.test.core.TestCSPModel
Tests run: 3, Failures: 0, Errors: 0, Skipped: 0, Time elapsed: 0.016 sec - in es.us.isa.aml.test.core.TestCSPModel
Running es.us.isa.aml.test.core.TestExpression
Tests run: 5, Failures: 0, Errors: 0, Skipped: 0, Time elapsed: 0 sec - in es.us.isa.aml.test.core.TestExpression
Running es.us.isa.aml.test.core.TestIAgreeModel
Tests run: 5, Failures: 0, Errors: 0, Skipped: 0, Time elapsed: 0.125 sec - in es.us.isa.aml.test.core.TestIAgreeModel
Running es.us.isa.aml.test.core.TestJSONParser
Tests run: 2, Failures: 0, Errors: 0, Skipped: 0, Time elapsed: 0.031 sec - in es.us.isa.aml.test.core.TestJSONParser
Running es.us.isa.aml.test.core.TestOperationsWebReasoner
Tests run: 15, Failures: 0, Errors: 0, Skipped: 0, Time elapsed: 47.86 sec - in es.us.isa.aml.test.core.TestOperationsWebReasoner
Running es.us.isa.aml.test.core.TestPapamoscas
Tests run: 2, Failures: 0, Errors: 0, Skipped: 0, Time elapsed: 0.484 sec - in es.us.isa.aml.test.core.TestPapamoscas
Running es.us.isa.aml.test.core.TestStore
Tests run: 9, Failures: 0, Errors: 0, Skipped: 0, Time elapsed: 0.5 sec - in es.us.isa.aml.test.core.TestStore
Running es.us.isa.aml.test.core.TestYAMLParser
Tests run: 1, Failures: 0, Errors: 0, Skipped: 0, Time elapsed: 0.094 sec - in es.us.isa.aml.test.core.TestYAMLParser

Results :

Tests run: 49, Failures: 0, Errors: 0, Skipped: 0


--- maven-jar-plugin:2.4:jar (default-jar) @ aml ---
Building jar: C:\Users\ISA Group\git\aml\target\aml-0.9.5-SNAPSHOT.jar

--- maven-install-plugin:2.4:install (default-install) @ aml ---
Installing C:\Users\ISA Group\git\aml\target\aml-0.9.5-SNAPSHOT.jar to C:\Users\ISA Group\.m2\repository\es\us\isa\aml\0.9.5-SNAPSHOT\aml-0.9.5-SNAPSHOT.jar
Installing C:\Users\ISA Group\git\aml\pom.xml to C:\Users\ISA Group\.m2\repository\es\us\isa\aml\0.9.5-SNAPSHOT\aml-0.9.5-SNAPSHOT.pom
------------------------------------------------------------------------
BUILD SUCCESS
------------------------------------------------------------------------
Total time: 01:00 min
Finished at: 2016-04-11T14:11:27+02:00
Final Memory: 17M/243M
------------------------------------------------------------------------

