cd C:\Users\ISA Group\git\aml; "JAVA_HOME=C:\\Program Files\\Java\\jdk1.7.0_75" M2_HOME=C:\\apache-maven-3.3.3 cmd /c "\"\"C:\\apache-maven-3.3.3\\bin\\mvn.cmd\" -Dmaven.ext.class.path=\"C:\\Program Files\\NetBeans 8.1\\java\\maven-nblib\\netbeans-eventspy.jar\" -Pcore-tests test\""
Scanning for projects...
                                                                        
------------------------------------------------------------------------
Building aml 0.9-SNAPSHOT
------------------------------------------------------------------------
The POM for es.us.isa.opl:oplall:jar:1.0.0 is invalid, transitive dependencies (if any) will not be available, enable debug logging for more details

--- maven-resources-plugin:2.6:resources (default-resources) @ aml ---
Using platform encoding (Cp1252 actually) to copy filtered resources, i.e. build is platform dependent!
Copying 2 resources

--- maven-compiler-plugin:3.2:compile (default-compile) @ aml ---
Changes detected - recompiling the module!
File encoding has not been set, using platform encoding Cp1252, i.e. build is platform dependent!
Compiling 161 source files to C:\Users\ISA Group\git\aml\target\classes
/C:/Users/ISA Group/git/aml/src/main/java/es/us/isa/aml/parsers/expression/ExpressionParser.java: Some input files use or override a deprecated API.
/C:/Users/ISA Group/git/aml/src/main/java/es/us/isa/aml/parsers/expression/ExpressionParser.java: Recompile with -Xlint:deprecation for details.

--- maven-resources-plugin:2.6:testResources (default-testResources) @ aml ---
Using platform encoding (Cp1252 actually) to copy filtered resources, i.e. build is platform dependent!
Copying 18 resources

--- maven-compiler-plugin:3.2:testCompile (default-testCompile) @ aml ---
Nothing to compile - all classes are up to date

--- maven-surefire-plugin:2.18.1:test (default-test) @ aml ---
Surefire report directory: C:\Users\ISA Group\git\aml\target\surefire-reports

-------------------------------------------------------
 T E S T S
-------------------------------------------------------
Running es.us.isa.aml.test.core.TestAzureCompliance
OPL - Development Mode. Use IloOplFactory.setDebugMode(false) to switch to production mode.
Tests run: 6, Failures: 0, Errors: 0, Skipped: 0, Time elapsed: 0.892 sec - in es.us.isa.aml.test.core.TestAzureCompliance
Running es.us.isa.aml.test.core.TestConfig
Tests run: 1, Failures: 0, Errors: 0, Skipped: 0, Time elapsed: 0 sec - in es.us.isa.aml.test.core.TestConfig
Running es.us.isa.aml.test.core.TestCSPModel
Tests run: 3, Failures: 0, Errors: 0, Skipped: 0, Time elapsed: 0.016 sec - in es.us.isa.aml.test.core.TestCSPModel
Running es.us.isa.aml.test.core.TestExpression
Tests run: 5, Failures: 0, Errors: 0, Skipped: 0, Time elapsed: 0 sec - in es.us.isa.aml.test.core.TestExpression
Running es.us.isa.aml.test.core.TestIAgreeModel
Tests run: 3, Failures: 0, Errors: 0, Skipped: 0, Time elapsed: 0.016 sec - in es.us.isa.aml.test.core.TestIAgreeModel
Running es.us.isa.aml.test.core.TestOperationsLocalReasoner
Tests run: 15, Failures: 0, Errors: 0, Skipped: 0, Time elapsed: 2.267 sec - in es.us.isa.aml.test.core.TestOperationsLocalReasoner
Running es.us.isa.aml.test.core.TestOperationsWebReasoner
Tests run: 15, Failures: 0, Errors: 0, Skipped: 0, Time elapsed: 5.316 sec - in es.us.isa.aml.test.core.TestOperationsWebReasoner
Running es.us.isa.aml.test.core.TestPapamoscas
Tests run: 2, Failures: 0, Errors: 0, Skipped: 0, Time elapsed: 0.032 sec - in es.us.isa.aml.test.core.TestPapamoscas
Running es.us.isa.aml.test.core.TestStore
Tests run: 8, Failures: 0, Errors: 0, Skipped: 0, Time elapsed: 0.015 sec - in es.us.isa.aml.test.core.TestStore

Results :

Tests run: 58, Failures: 0, Errors: 0, Skipped: 0

------------------------------------------------------------------------
BUILD SUCCESS
------------------------------------------------------------------------
Total time: 12.792 s
Finished at: 2015-12-03T12:30:17+01:00
Final Memory: 15M/244M
------------------------------------------------------------------------

